Using cpu device
EPOCH 1:
  batch 1000 loss: 2.2515159106254576
  batch 2000 loss: 1.6698233106732367
  batch 3000 loss: 1.3680029241740703
  batch 4000 loss: 1.121489712253213
  batch 5000 loss: 0.9944648806750774
  batch 6000 loss: 0.8616926707737148
  batch 7000 loss: 0.7915623199678957
  batch 8000 loss: 0.7081802934701554
  batch 9000 loss: 0.6275001750113443
  batch 10000 loss: 0.6165913979914039
  batch 11000 loss: 0.5705789887895808
  batch 12000 loss: 0.5446649307429324
  batch 13000 loss: 0.4978979613741394
  batch 14000 loss: 0.46784966442920267
  batch 15000 loss: 0.45495100335567257
LOSS train 0.45495100335567257 valid 0.23203963041305542
EPOCH 2:
  batch 1000 loss: 0.4339426509905607
  batch 2000 loss: 0.4443537894745823
  batch 3000 loss: 0.3893627569569508
  batch 4000 loss: 0.37818669664813204
  batch 5000 loss: 0.3869556104398798
  batch 6000 loss: 0.35059260854963215
  batch 7000 loss: 0.3333926213992527
  batch 8000 loss: 0.31749754516454415
  batch 9000 loss: 0.3321165516803012
  batch 10000 loss: 0.32276716536597816
  batch 11000 loss: 0.3136141748470982
  batch 12000 loss: 0.2823198651084676
  batch 13000 loss: 0.2874753649222257
  batch 14000 loss: 0.29146659437171185
  batch 15000 loss: 0.26692693879571017
LOSS train 0.26692693879571017 valid 0.13550496101379395
EPOCH 3:
  batch 1000 loss: 0.25946507219752674
  batch 2000 loss: 0.2547432131169044
  batch 3000 loss: 0.2530204342575162
  batch 4000 loss: 0.24928774405415607
  batch 5000 loss: 0.26827319614695444
  batch 6000 loss: 0.24698956085586724
  batch 7000 loss: 0.24752094069507438
  batch 8000 loss: 0.2301866706892197
  batch 9000 loss: 0.24009761366478416
  batch 10000 loss: 0.21476832568100507
  batch 11000 loss: 0.22936276024464314
  batch 12000 loss: 0.21154813857418775
  batch 13000 loss: 0.21846945128567313
  batch 14000 loss: 0.2072022106121949
  batch 15000 loss: 0.21948480758004188
LOSS train 0.21948480758004188 valid 0.11230219900608063
EPOCH 4:
  batch 1000 loss: 0.20114126651163677
  batch 2000 loss: 0.20651220204453422
  batch 3000 loss: 0.17928234176114904
  batch 4000 loss: 0.21441401100917393
  batch 5000 loss: 0.20300148712834198
  batch 6000 loss: 0.19902210764817027
  batch 7000 loss: 0.21470375706878259
  batch 8000 loss: 0.16834439263298917
  batch 9000 loss: 0.223424391850951
  batch 10000 loss: 0.18952288504224726
  batch 11000 loss: 0.19894255809123387
  batch 12000 loss: 0.1590767214030475
  batch 13000 loss: 0.17395611738019762
  batch 14000 loss: 0.17508648312342973
  batch 15000 loss: 0.16127129038002294
LOSS train 0.16127129038002294 valid 0.09280957281589508
EPOCH 5:
  batch 1000 loss: 0.1740277313985748
  batch 2000 loss: 0.19401835053670924
  batch 3000 loss: 0.16050005384958696
  batch 4000 loss: 0.1722558916888065
  batch 5000 loss: 0.18289208304254498
  batch 6000 loss: 0.15708172381504026
  batch 7000 loss: 0.15682662474173958
  batch 8000 loss: 0.18177011077146743
  batch 9000 loss: 0.15159630482450892
  batch 10000 loss: 0.1606465614744111
  batch 11000 loss: 0.16094254024983615
  batch 12000 loss: 0.14222365592037478
  batch 13000 loss: 0.18224607578518406
  batch 14000 loss: 0.1786071228517402
  batch 15000 loss: 0.1567122012333821
LOSS train 0.1567122012333821 valid 0.08700567483901978
EPOCH 6:
  batch 1000 loss: 0.14673725136877874
  batch 2000 loss: 0.1593705671984326
  batch 3000 loss: 0.14163144223762197
  batch 4000 loss: 0.1653374929805176
  batch 5000 loss: 0.13262251374178835
  batch 6000 loss: 0.15490106013706917
  batch 7000 loss: 0.1425216712601514
  batch 8000 loss: 0.1506664313139163
  batch 9000 loss: 0.14093600648394045
  batch 10000 loss: 0.15336407575013344
  batch 11000 loss: 0.13765629251972086
  batch 12000 loss: 0.1526998972595643
  batch 13000 loss: 0.14334518024537493
  batch 14000 loss: 0.16319569471289377
  batch 15000 loss: 0.13491979631805567
LOSS train 0.13491979631805567 valid 0.08134929090738297
EPOCH 7:
  batch 1000 loss: 0.1438419879857977
  batch 2000 loss: 0.14960515127325186
  batch 3000 loss: 0.1322248978936559
  batch 4000 loss: 0.13089234996150492
  batch 5000 loss: 0.11726851823121978
  batch 6000 loss: 0.15061587991467001
  batch 7000 loss: 0.12552715023456967
  batch 8000 loss: 0.12940980148919698
  batch 9000 loss: 0.13819229053267088
  batch 10000 loss: 0.13751560369933213
  batch 11000 loss: 0.1238320497008782
  batch 12000 loss: 0.11454057809040682
  batch 13000 loss: 0.12607297918098176
  batch 14000 loss: 0.10778019356963671
  batch 15000 loss: 0.1458010042798236
LOSS train 0.1458010042798236 valid 0.06738075613975525
EPOCH 8:
  batch 1000 loss: 0.1550015118378437
  batch 2000 loss: 0.13426070186971834
  batch 3000 loss: 0.1197607294145572
  batch 4000 loss: 0.12594653081140722
  batch 5000 loss: 0.12445405699523729
  batch 6000 loss: 0.0983454291616022
  batch 7000 loss: 0.11670495766295409
  batch 8000 loss: 0.13284495489841924
  batch 9000 loss: 0.13107824921929717
  batch 10000 loss: 0.11593641838544952
  batch 11000 loss: 0.13039588706855804
  batch 12000 loss: 0.10306988680872291
  batch 13000 loss: 0.11540532524835931
  batch 14000 loss: 0.10874807498647893
  batch 15000 loss: 0.10902430993104371
LOSS train 0.10902430993104371 valid 0.06964603811502457
EPOCH 9:
  batch 1000 loss: 0.12445165435681772
  batch 2000 loss: 0.10188491415211098
  batch 3000 loss: 0.10769555115327918
  batch 4000 loss: 0.11566088606157393
  batch 5000 loss: 0.10400470703732503
  batch 6000 loss: 0.11441807994295165
  batch 7000 loss: 0.13153579458453887
  batch 8000 loss: 0.10958698266114447
  batch 9000 loss: 0.11800213032305094
  batch 10000 loss: 0.10312827254699243
  batch 11000 loss: 0.12845454045347907
  batch 12000 loss: 0.09440865144524196
  batch 13000 loss: 0.11725328621611181
  batch 14000 loss: 0.11023728389468715
  batch 15000 loss: 0.13226631051670984
LOSS train 0.13226631051670984 valid 0.06396695226430893
EPOCH 10:
  batch 1000 loss: 0.10300766480295825
  batch 2000 loss: 0.10752724478611082
  batch 3000 loss: 0.12685243891724823
  batch 4000 loss: 0.097500109710398
  batch 5000 loss: 0.10108242203450081
  batch 6000 loss: 0.10048098837138343
  batch 7000 loss: 0.09947749173385376
  batch 8000 loss: 0.10830657869805224
  batch 9000 loss: 0.10901789165777973
  batch 10000 loss: 0.10630397771593186
  batch 11000 loss: 0.10543590255921367
  batch 12000 loss: 0.10196005600485404
  batch 13000 loss: 0.12184579700723648
  batch 14000 loss: 0.11331601508841044
  batch 15000 loss: 0.10309486490861929
LOSS train 0.10309486490861929 valid 0.06107861176133156
EPOCH 11:
  batch 1000 loss: 0.09741688504211814
  batch 2000 loss: 0.10834282394441241
  batch 3000 loss: 0.08930811642867549
  batch 4000 loss: 0.09639131318654626
  batch 5000 loss: 0.0866548802903298
  batch 6000 loss: 0.09298520272674089
  batch 7000 loss: 0.1067550306484518
  batch 8000 loss: 0.11369887167391786
  batch 9000 loss: 0.11100262449625799
  batch 10000 loss: 0.10550843275599124
  batch 11000 loss: 0.10089590965003237
  batch 12000 loss: 0.11011752552843246
  batch 13000 loss: 0.09101998200087602
  batch 14000 loss: 0.10579558340345509
  batch 15000 loss: 0.12494876974756698
LOSS train 0.12494876974756698 valid 0.05475989356637001
EPOCH 12:
  batch 1000 loss: 0.10871442766766233
  batch 2000 loss: 0.0909835697212934
  batch 3000 loss: 0.09603953256727053
  batch 4000 loss: 0.09557845064888291
  batch 5000 loss: 0.10834243033099972
  batch 6000 loss: 0.11245513562248789
  batch 7000 loss: 0.10942400132146354
  batch 8000 loss: 0.08628546124005759
  batch 9000 loss: 0.07867600076529073
  batch 10000 loss: 0.08995710515600436
  batch 11000 loss: 0.09136629443802911
  batch 12000 loss: 0.09004711525694024
  batch 13000 loss: 0.07523069633557233
  batch 14000 loss: 0.09460679465629698
  batch 15000 loss: 0.08694384488445686
LOSS train 0.08694384488445686 valid 0.061169300228357315
EPOCH 13:
  batch 1000 loss: 0.09483192322659188
  batch 2000 loss: 0.08634096185015186
  batch 3000 loss: 0.08623473970293165
  batch 4000 loss: 0.09792337510869632
  batch 5000 loss: 0.09327201619921136
  batch 6000 loss: 0.09313319046615205
  batch 7000 loss: 0.09631601435632263
  batch 8000 loss: 0.0945947805815399
  batch 9000 loss: 0.0884958525055255
  batch 10000 loss: 0.0739700048309264
  batch 11000 loss: 0.0874585684666549
  batch 12000 loss: 0.10768847346077039
  batch 13000 loss: 0.08074826269270984
  batch 14000 loss: 0.09882667411221083
  batch 15000 loss: 0.0901842926517525
LOSS train 0.0901842926517525 valid 0.05969629064202309
EPOCH 14:
  batch 1000 loss: 0.11869133055967547
  batch 2000 loss: 0.08845788874212485
  batch 3000 loss: 0.07499234881037986
  batch 4000 loss: 0.09002060307701222
  batch 5000 loss: 0.09680716281005869
  batch 6000 loss: 0.07327928132325755
  batch 7000 loss: 0.07917000324337826
  batch 8000 loss: 0.0758937292317514
  batch 9000 loss: 0.09265141678226849
  batch 10000 loss: 0.08818319473068274
  batch 11000 loss: 0.10495045954320391
  batch 12000 loss: 0.08732812385373898
  batch 13000 loss: 0.07886462036072725
  batch 14000 loss: 0.09001718282431768
  batch 15000 loss: 0.10505448122526638
LOSS train 0.10505448122526638 valid 0.062288548797369
EPOCH 15:
  batch 1000 loss: 0.09337600661771407
  batch 2000 loss: 0.08341271076605658
  batch 3000 loss: 0.09647013690418432
  batch 4000 loss: 0.08077427001482114
  batch 5000 loss: 0.08842322308709208
  batch 6000 loss: 0.08014342115828779
  batch 7000 loss: 0.08290602009764149
  batch 8000 loss: 0.07342817809724686
  batch 9000 loss: 0.09896123822281731
  batch 10000 loss: 0.09699898763594234
  batch 11000 loss: 0.08702810784108232
  batch 12000 loss: 0.08629574713272781
  batch 13000 loss: 0.07875639963394106
  batch 14000 loss: 0.05722966418212559
  batch 15000 loss: 0.11479005257242235
LOSS train 0.11479005257242235 valid 0.05067412927746773
EPOCH 16:
  batch 1000 loss: 0.07917338317124586
  batch 2000 loss: 0.08428809760713159
  batch 3000 loss: 0.09315421830552086
  batch 4000 loss: 0.08240122762907108
  batch 5000 loss: 0.08845957515667276
  batch 6000 loss: 0.08330861987682686
  batch 7000 loss: 0.09236195475669659
  batch 8000 loss: 0.0776874128936711
  batch 9000 loss: 0.07799949381474931
  batch 10000 loss: 0.08117048963862632
  batch 11000 loss: 0.09238480682427824
  batch 12000 loss: 0.08637216575316277
  batch 13000 loss: 0.08994855149752422
  batch 14000 loss: 0.06860785699843587
  batch 15000 loss: 0.08833020424075361
LOSS train 0.08833020424075361 valid 0.052435826510190964
EPOCH 17:
  batch 1000 loss: 0.07200792674974031
  batch 2000 loss: 0.07512609296114879
  batch 3000 loss: 0.09011074962156267
  batch 4000 loss: 0.07855124653042958
  batch 5000 loss: 0.07431452719835431
  batch 6000 loss: 0.09144180670834509
  batch 7000 loss: 0.09625265928189376
  batch 8000 loss: 0.09416154141763589
  batch 9000 loss: 0.08007930892956591
  batch 10000 loss: 0.0778756657805083
  batch 11000 loss: 0.07901751890425494
  batch 12000 loss: 0.06895524729291876
  batch 13000 loss: 0.07879635503092022
  batch 14000 loss: 0.07168665870247014
  batch 15000 loss: 0.09670561955966986
LOSS train 0.09670561955966986 valid 0.0494098924100399
EPOCH 18:
  batch 1000 loss: 0.08764206380814282
  batch 2000 loss: 0.06822594993202602
  batch 3000 loss: 0.07049756412693158
  batch 4000 loss: 0.0886080891467419
  batch 5000 loss: 0.06576478739754336
  batch 6000 loss: 0.07896507218545776
  batch 7000 loss: 0.07335174935849077
  batch 8000 loss: 0.08721501702604786
  batch 9000 loss: 0.08513460732975008
  batch 10000 loss: 0.07208725787628047
  batch 11000 loss: 0.05983014940385066
  batch 12000 loss: 0.0776422706165742
  batch 13000 loss: 0.07164877498504757
  batch 14000 loss: 0.0901826601892297
  batch 15000 loss: 0.0897649437380133
LOSS train 0.0897649437380133 valid 0.05175390467047691
EPOCH 19:
  batch 1000 loss: 0.07000388085698023
  batch 2000 loss: 0.06549972343297765
  batch 3000 loss: 0.07336236781200864
  batch 4000 loss: 0.06779716221202033
  batch 5000 loss: 0.07523068180730218
  batch 6000 loss: 0.07366138476949582
  batch 7000 loss: 0.059180602447053955
  batch 8000 loss: 0.07595852030658545
  batch 9000 loss: 0.07395119113721871
  batch 10000 loss: 0.07264948254606952
  batch 11000 loss: 0.06658214342467153
  batch 12000 loss: 0.07116254424460579
  batch 13000 loss: 0.09523981557034021
  batch 14000 loss: 0.09451066993526333
  batch 15000 loss: 0.08541812862098994
LOSS train 0.08541812862098994 valid 0.047763239592313766
EPOCH 20:
  batch 1000 loss: 0.06598201104060113
  batch 2000 loss: 0.07221038853233337
  batch 3000 loss: 0.07191080794186397
  batch 4000 loss: 0.07567986842412916
  batch 5000 loss: 0.08341117419346583
  batch 6000 loss: 0.0775079726865499
  batch 7000 loss: 0.07153536966693101
  batch 8000 loss: 0.05912506395918502
  batch 9000 loss: 0.07623173291912604
  batch 10000 loss: 0.06978313524162855
  batch 11000 loss: 0.06065467592223237
  batch 12000 loss: 0.07190611455252141
  batch 13000 loss: 0.07107518659627476
  batch 14000 loss: 0.05909028201279906
  batch 15000 loss: 0.07159822429909636
LOSS train 0.07159822429909636 valid 0.05237197130918503
EPOCH 21:
  batch 1000 loss: 0.06750212276487538
  batch 2000 loss: 0.06913654216002596
  batch 3000 loss: 0.08094647966267471
  batch 4000 loss: 0.06506288642512358
  batch 5000 loss: 0.07113434551862986
  batch 6000 loss: 0.061175816085790785
  batch 7000 loss: 0.0764953090180092
  batch 8000 loss: 0.07914895631194259
  batch 9000 loss: 0.0905319549277143
  batch 10000 loss: 0.06314201835021845
  batch 11000 loss: 0.07672290180248997
  batch 12000 loss: 0.08269856905594437
  batch 13000 loss: 0.0626556764360615
  batch 14000 loss: 0.08661089368374597
  batch 15000 loss: 0.07001741959427357
LOSS train 0.07001741959427357 valid 0.06323223561048508
EPOCH 22:
  batch 1000 loss: 0.061285074719991194
  batch 2000 loss: 0.07360381892037683
  batch 3000 loss: 0.07347623976213358
  batch 4000 loss: 0.06683605716549586
  batch 5000 loss: 0.0728192547942569
  batch 6000 loss: 0.06307075223336173
  batch 7000 loss: 0.06687755018593029
  batch 8000 loss: 0.07832105494675312
  batch 9000 loss: 0.07149499818871614
  batch 10000 loss: 0.05474792910730867
  batch 11000 loss: 0.07607936702445822
  batch 12000 loss: 0.05924461462311344
  batch 13000 loss: 0.07837762232533683
  batch 14000 loss: 0.07903158929167907
  batch 15000 loss: 0.07022840860392301
LOSS train 0.07022840860392301 valid 0.0615936815738678
EPOCH 23:
  batch 1000 loss: 0.0675004648084191
  batch 2000 loss: 0.07591869646521068
  batch 3000 loss: 0.07771628016553588
  batch 4000 loss: 0.06977139660624447
  batch 5000 loss: 0.049015369294446456
  batch 6000 loss: 0.06096566818265267
  batch 7000 loss: 0.05435109870451714
  batch 8000 loss: 0.07151786300515854
  batch 9000 loss: 0.06352242002903917
  batch 10000 loss: 0.06802770520265734
  batch 11000 loss: 0.06258437741883809
  batch 12000 loss: 0.05487093192993439
  batch 13000 loss: 0.07468168420015384
  batch 14000 loss: 0.07534334658185776
  batch 15000 loss: 0.07262602413938611
LOSS train 0.07262602413938611 valid 0.05752919986844063
EPOCH 24:
  batch 1000 loss: 0.07003760960705764
  batch 2000 loss: 0.07410212225274396
  batch 3000 loss: 0.08549061426671369
  batch 4000 loss: 0.043048482433994534
  batch 5000 loss: 0.067479915157608
  batch 6000 loss: 0.05297582263940332
  batch 7000 loss: 0.08186143821435851
  batch 8000 loss: 0.06255559126738226
  batch 9000 loss: 0.05945688470720059
  batch 10000 loss: 0.06411989842440255
  batch 11000 loss: 0.06787550072317475
  batch 12000 loss: 0.06149373854370056
  batch 13000 loss: 0.06850193376036309
  batch 14000 loss: 0.05116602930540796
  batch 15000 loss: 0.06520332721621061
LOSS train 0.06520332721621061 valid 0.05360940098762512
EPOCH 25:
  batch 1000 loss: 0.053464160758040266
  batch 2000 loss: 0.0797088221031192
  batch 3000 loss: 0.06594997129753384
  batch 4000 loss: 0.053845254948051216
  batch 5000 loss: 0.06375771335897902
  batch 6000 loss: 0.060861237837471945
  batch 7000 loss: 0.05486487978516235
  batch 8000 loss: 0.0623137609227507
  batch 9000 loss: 0.055518729807750286
  batch 10000 loss: 0.06419088512420143
  batch 11000 loss: 0.07276429165758362
  batch 12000 loss: 0.05286212925594039
  batch 13000 loss: 0.07390620032658328
  batch 14000 loss: 0.06307552190204378
  batch 15000 loss: 0.06912307455841742
LOSS train 0.06912307455841742 valid 0.050912391394376755
EPOCH 26:
  batch 1000 loss: 0.059819892869300215
  batch 2000 loss: 0.05968606814412667
  batch 3000 loss: 0.05737301451297614
  batch 4000 loss: 0.06870477565240798
  batch 5000 loss: 0.056735516544476186
  batch 6000 loss: 0.06353188473128302
  batch 7000 loss: 0.06599697245339496
  batch 8000 loss: 0.06128493962909066
  batch 9000 loss: 0.05848844514180071
  batch 10000 loss: 0.07524096728082373
  batch 11000 loss: 0.07091183743023695
  batch 12000 loss: 0.058858975398598426
  batch 13000 loss: 0.06577073113306443
  batch 14000 loss: 0.05811640260463203
  batch 15000 loss: 0.06716561328852476
LOSS train 0.06716561328852476 valid 0.04949148744344711
EPOCH 27:
  batch 1000 loss: 0.07199040363224983
  batch 2000 loss: 0.06903535216175373
  batch 3000 loss: 0.05649722619566126
  batch 4000 loss: 0.05439732368132784
  batch 5000 loss: 0.0590516006254371
  batch 6000 loss: 0.05708979292814474
  batch 7000 loss: 0.05089469550159021
  batch 8000 loss: 0.05242625362204395
  batch 9000 loss: 0.04716519245054034
  batch 10000 loss: 0.06686868522682711
  batch 11000 loss: 0.0514237857735405
  batch 12000 loss: 0.06801196239565678
  batch 13000 loss: 0.0529648863938877
  batch 14000 loss: 0.0670639518400453
  batch 15000 loss: 0.06710887794272108
LOSS train 0.06710887794272108 valid 0.04863155633211136
EPOCH 28:
  batch 1000 loss: 0.05837235703253932
  batch 2000 loss: 0.052163915636910134
  batch 3000 loss: 0.07912866113006761
  batch 4000 loss: 0.05841997092038744
  batch 5000 loss: 0.05974287017155529
  batch 6000 loss: 0.05069348942445716
  batch 7000 loss: 0.04409281600382061
  batch 8000 loss: 0.052664634988900054
  batch 9000 loss: 0.04926051944119365
  batch 10000 loss: 0.06016357044436399
  batch 11000 loss: 0.0648274731018471
  batch 12000 loss: 0.06469339296436158
  batch 13000 loss: 0.0850150023752704
  batch 14000 loss: 0.0646860109254
  batch 15000 loss: 0.08086758863272063
LOSS train 0.08086758863272063 valid 0.045810479670763016
EPOCH 29:
  batch 1000 loss: 0.04999259225208988
  batch 2000 loss: 0.06481200351549524
  batch 3000 loss: 0.05560426359340647
  batch 4000 loss: 0.048714978659026
  batch 5000 loss: 0.06040755314288005
  batch 6000 loss: 0.03657766146705732
  batch 7000 loss: 0.07506858477034163
  batch 8000 loss: 0.07712458131515013
  batch 9000 loss: 0.06205543350987503
  batch 10000 loss: 0.05190639257872973
  batch 11000 loss: 0.055043508883052074
  batch 12000 loss: 0.06277486142174322
  batch 13000 loss: 0.05519889482604132
  batch 14000 loss: 0.05956624876016285
  batch 15000 loss: 0.05735401750809791
LOSS train 0.05735401750809791 valid 0.05638478323817253
EPOCH 30:
  batch 1000 loss: 0.04879625935489141
  batch 2000 loss: 0.05104577418403955
  batch 3000 loss: 0.056803331320303324
  batch 4000 loss: 0.06443963594907788
  batch 5000 loss: 0.04833828883528964
  batch 6000 loss: 0.06651128810830048
  batch 7000 loss: 0.056338112750377894
  batch 8000 loss: 0.04926263374994817
  batch 9000 loss: 0.045463873338030925
  batch 10000 loss: 0.059640393070666105
  batch 11000 loss: 0.04785074723049428
  batch 12000 loss: 0.05626136882620817
  batch 13000 loss: 0.06758129655214187
  batch 14000 loss: 0.05228229753706895
  batch 15000 loss: 0.06661007854976815
LOSS train 0.06661007854976815 valid 0.04679390788078308
EPOCH 31:
  batch 1000 loss: 0.056163718560159955
  batch 2000 loss: 0.05413484004750391
  batch 3000 loss: 0.059792245445103004
  batch 4000 loss: 0.06442753614450787
  batch 5000 loss: 0.06456098302206095
  batch 6000 loss: 0.06384436450833003
  batch 7000 loss: 0.062003215295777424
  batch 8000 loss: 0.048638713446826166
  batch 9000 loss: 0.05159489750797928
  batch 10000 loss: 0.048696888745913096
  batch 11000 loss: 0.05339382504948397
  batch 12000 loss: 0.055788783387421874
  batch 13000 loss: 0.05895847783344327
  batch 14000 loss: 0.04453069674112557
  batch 15000 loss: 0.049980306922789285
LOSS train 0.049980306922789285 valid 0.056395433843135834
EPOCH 32:
  batch 1000 loss: 0.05667119437200355
  batch 2000 loss: 0.06036271588923253
  batch 3000 loss: 0.047665083428614245
  batch 4000 loss: 0.05241308948104858
  batch 5000 loss: 0.056291252642221005
  batch 6000 loss: 0.059287415915422914
  batch 7000 loss: 0.04713246220767621
  batch 8000 loss: 0.07531842906249668
  batch 9000 loss: 0.06749573938747212
  batch 10000 loss: 0.049744023783953165
  batch 11000 loss: 0.0598024749452001
  batch 12000 loss: 0.06470981857819635
  batch 13000 loss: 0.05579827466847791
  batch 14000 loss: 0.05819958420503468
  batch 15000 loss: 0.05259790000673081
LOSS train 0.05259790000673081 valid 0.0638853907585144
EPOCH 33:
  batch 1000 loss: 0.0816651608903378
  batch 2000 loss: 0.04870043833539491
  batch 3000 loss: 0.06561426608078103
  batch 4000 loss: 0.059093624337916595
  batch 5000 loss: 0.053357733465753496
  batch 6000 loss: 0.051768523946406145
  batch 7000 loss: 0.050763045410998325
  batch 8000 loss: 0.05540514878975806
  batch 9000 loss: 0.06105218909450705
  batch 10000 loss: 0.05089663912601221
  batch 11000 loss: 0.055577535539911495
  batch 12000 loss: 0.05978881326092545
  batch 13000 loss: 0.05209356638396131
  batch 14000 loss: 0.06057243024696558
  batch 15000 loss: 0.06685698617235811
LOSS train 0.06685698617235811 valid 0.05547807738184929
EPOCH 34:
  batch 1000 loss: 0.047406207031470166
  batch 2000 loss: 0.05954939221823614
  batch 3000 loss: 0.05069284700216308
  batch 4000 loss: 0.04751578219964503
  batch 5000 loss: 0.05563599089213739
  batch 6000 loss: 0.04254023611523821
  batch 7000 loss: 0.0592948778579008
  batch 8000 loss: 0.05595818554508589
  batch 9000 loss: 0.06301011852648805
  batch 10000 loss: 0.06381346721773475
  batch 11000 loss: 0.06190883408657536
  batch 12000 loss: 0.05255617324743251
  batch 13000 loss: 0.046418124712140976
  batch 14000 loss: 0.049800865925853505
  batch 15000 loss: 0.05681721736637502
LOSS train 0.05681721736637502 valid 0.058485545217990875
EPOCH 35:
  batch 1000 loss: 0.05513713242431755
  batch 2000 loss: 0.062089316485640866
  batch 3000 loss: 0.05700061840430284
  batch 4000 loss: 0.04888445267470677
  batch 5000 loss: 0.051658203883698434
  batch 6000 loss: 0.0501419391520122
  batch 7000 loss: 0.045030548636505255
  batch 8000 loss: 0.06756317129117043
  batch 9000 loss: 0.04874320403781208
  batch 10000 loss: 0.05178421819429218
  batch 11000 loss: 0.04802245034470622
  batch 12000 loss: 0.05238718104422207
  batch 13000 loss: 0.05821906983992065
  batch 14000 loss: 0.06417093909223147
  batch 15000 loss: 0.05584809290501543
LOSS train 0.05584809290501543 valid 0.057584069669246674
EPOCH 36:
  batch 1000 loss: 0.054819390613184825
  batch 2000 loss: 0.033703974758252146
  batch 3000 loss: 0.04036867719071107
  batch 4000 loss: 0.04336017519934703
  batch 5000 loss: 0.05181195990889868
  batch 6000 loss: 0.05248349152547096
  batch 7000 loss: 0.059887064690935424
  batch 8000 loss: 0.050710748436103674
  batch 9000 loss: 0.06087772006448736
  batch 10000 loss: 0.059591409686117904
  batch 11000 loss: 0.04938196072018667
  batch 12000 loss: 0.044510782244247406
  batch 13000 loss: 0.05341687062355873
  batch 14000 loss: 0.05777414187600566
  batch 15000 loss: 0.057929317997347865
early stopping!!!!!
LOSS train 0.057929317997347865 valid 0.05239039286971092
EPOCH 37:
Detailed performance metrics for this job will be available at https://metrics.hpc.arizona.edu/#job_viewer?action=show&realm=SUPREMM&resource_id=5&local_job_id=808617 by 8am on 2022/06/01.
